<?xml version="1.0" encoding="UTF-8"?>
<Site BuildName="(empty)"
	BuildStamp="20241022-0500-Experimental"
	Name="tony-LEGION-REN7000K-26IRB"
	Generator="ctest-3.16.3"
	CompilerName="/usr/bin/c++"
	CompilerVersion="9.4.0"
	OSName="Linux"
	Hostname="tony-LEGION-REN7000K-26IRB"
	OSRelease="5.15.0-124-generic"
	OSVersion="#134~20.04.1-Ubuntu SMP Tue Oct 1 15:27:33 UTC 2024"
	OSPlatform="x86_64"
	Is64Bits="1"
	VendorString="GenuineIntel"
	VendorID="Intel Corporation"
	FamilyID="6"
	ModelID="191"
	ProcessorCacheSize="20480"
	NumberOfLogicalCPU="16"
	NumberOfPhysicalCPU="10"
	TotalVirtualMemory="2047"
	TotalPhysicalMemory="15701"
	LogicalProcessorsPerPhysical="1"
	ProcessorClockFrequency="3719.67"
	>
	<Testing>
		<StartDateTime>Oct 22 16:08 CST</StartDateTime>
		<StartTestTime>1729584530</StartTestTime>
		<TestList/>
		<EndDateTime>Oct 22 16:08 CST</EndDateTime>
		<EndTestTime>1729584530</EndTestTime>
		<ElapsedMinutes>0</ElapsedMinutes>
	</Testing>
</Site>
