<?xml version="1.0" encoding="UTF-8"?>
<Site BuildName="(empty)"
	BuildStamp="20250107-0625-Experimental"
	Name="tony-LEGION-REN7000K-26IRB"
	Generator="ctest-3.16.3"
	CompilerName="/usr/bin/c++"
	CompilerVersion="9.4.0"
	OSName="Linux"
	Hostname="tony-LEGION-REN7000K-26IRB"
	OSRelease="5.15.0-125-generic"
	OSVersion="#135~20.04.1-Ubuntu SMP Mon Oct 7 13:56:22 UTC 2024"
	OSPlatform="x86_64"
	Is64Bits="1"
	VendorString="GenuineIntel"
	VendorID="Intel Corporation"
	FamilyID="6"
	ModelID="191"
	ProcessorCacheSize="20480"
	NumberOfLogicalCPU="16"
	NumberOfPhysicalCPU="10"
	TotalVirtualMemory="2047"
	TotalPhysicalMemory="15701"
	LogicalProcessorsPerPhysical="1"
	ProcessorClockFrequency="3833.21"
	>
	<Testing>
		<StartDateTime>Jan 07 14:25 CST</StartDateTime>
		<StartTestTime>1736231154</StartTestTime>
		<TestList/>
		<EndDateTime>Jan 07 14:25 CST</EndDateTime>
		<EndTestTime>1736231154</EndTestTime>
		<ElapsedMinutes>0</ElapsedMinutes>
	</Testing>
</Site>
