<?xml version="1.0" encoding="UTF-8"?>
<Site BuildName="(empty)"
	BuildStamp="20241018-0419-Experimental"
	Name="tony-LEGION-REN7000K-26IRB"
	Generator="ctest-3.16.3"
	CompilerName="/usr/bin/c++"
	CompilerVersion="9.4.0"
	OSName="Linux"
	Hostname="tony-LEGION-REN7000K-26IRB"
	OSRelease="5.15.0-67-generic"
	OSVersion="#74~20.04.1-Ubuntu SMP Wed Feb 22 14:52:34 UTC 2023"
	OSPlatform="x86_64"
	Is64Bits="1"
	VendorString="GenuineIntel"
	VendorID="Intel Corporation"
	FamilyID="6"
	ModelID="191"
	ProcessorCacheSize="20480"
	NumberOfLogicalCPU="16"
	NumberOfPhysicalCPU="10"
	TotalVirtualMemory="2047"
	TotalPhysicalMemory="15713"
	LogicalProcessorsPerPhysical="1"
	ProcessorClockFrequency="2500"
	>
	<Testing>
		<StartDateTime>Oct 18 18:47 CST</StartDateTime>
		<StartTestTime>1729248425</StartTestTime>
		<TestList/>
		<EndDateTime>Oct 18 18:47 CST</EndDateTime>
		<EndTestTime>1729248425</EndTestTime>
		<ElapsedMinutes>0</ElapsedMinutes>
	</Testing>
</Site>
